<testsuites id="" name="" tests="1" failures="0" skipped="0" errors="0" time="22.826856999999844">
<testsuite name="3buzz-post.spec.ts" timestamp="2026-08-19T06:12:39.462Z" hostname="chromium" tests="1" failures="0" skipped="0" time="19.785" errors="0">
<testcase name="post a buzz message in OrangeHRM" classname="3buzz-post.spec.ts" time="19.785">
<system-out>
<![CDATA[Posting message: Buzz 1787119977488
Composer value: Buzz 1787119977488
Post button is ready
Post button clicked
Successfully verified: Buzz 1787119977488
]]>
</system-out>
</testcase>
</testsuite>
</testsuites>